build/app/intermediates/manifest_merge_blame_file/debug/processDebugMainManifest/manifest-merger-blame-debug-report.txt
1<?xml version="1.0" encoding="utf-8"?>
2<manifest xmlns:android="http://schemas.android.com/apk/res/android"
3    package="in.kaligotla.deepak"
4    android:versionCode="1"
5    android:versionName="1.0.0" >
6
7    <uses-sdk
8        android:minSdkVersion="23"
9        android:targetSdkVersion="35" />
10    <!--
11         The INTERNET permission is required for development. Specifically,
12         the Flutter tool needs it to communicate with the running application
13         to allow setting breakpoints, to provide hot reload, etc.
14    -->
15    <uses-permission android:name="android.permission.INTERNET" />
15-->src/main/AndroidManifest.xml:3:5-67
15-->src/main/AndroidManifest.xml:3:22-64
16    <uses-permission android:name="android.permission.ACCESS_FINE_LOCATION" />
16-->src/main/AndroidManifest.xml:4:5-79
16-->src/main/AndroidManifest.xml:4:22-76
17    <uses-permission android:name="android.permission.ACCESS_COARSE_LOCATION" />
17-->src/main/AndroidManifest.xml:5:5-81
17-->src/main/AndroidManifest.xml:5:22-78
18    <uses-permission android:name="android.permission.ACCESS_BACKGROUND_LOCATION" />
18-->src/main/AndroidManifest.xml:6:5-85
18-->src/main/AndroidManifest.xml:6:22-82
19    <!--
20 Required to query activities that can process text, see:
21         https://developer.android.com/training/package-visibility and
22         https://developer.android.com/reference/android/content/Intent#ACTION_PROCESS_TEXT.
23
24         In particular, this is used by the Flutter engine in io.flutter.plugin.text.ProcessTextPlugin.
25    -->
26    <queries>
26-->src/main/AndroidManifest.xml:45:5-50:15
27        <intent>
27-->src/main/AndroidManifest.xml:46:9-49:18
28            <action android:name="android.intent.action.PROCESS_TEXT" />
28-->src/main/AndroidManifest.xml:47:13-72
28-->src/main/AndroidManifest.xml:47:21-70
29
30            <data android:mimeType="text/plain" />
30-->src/main/AndroidManifest.xml:48:13-50
30-->src/main/AndroidManifest.xml:48:19-48
31        </intent>
32        <intent>
32-->[:file_picker] AndroidManifest.xml:8:9-12:18
33            <action android:name="android.intent.action.GET_CONTENT" />
33-->[:file_picker] AndroidManifest.xml:9:13-72
33-->[:file_picker] AndroidManifest.xml:9:21-69
34
35            <data android:mimeType="*/*" />
35-->src/main/AndroidManifest.xml:48:13-50
35-->src/main/AndroidManifest.xml:48:19-48
36        </intent> <!-- Needs to be explicitly declared on Android R+ -->
37        <package android:name="com.google.android.apps.maps" />
37-->[com.google.android.gms:play-services-maps:18.2.0] AndroidManifest.xml:33:9-64
37-->[com.google.android.gms:play-services-maps:18.2.0] AndroidManifest.xml:33:18-61
38    </queries>
39
40    <uses-permission android:name="android.permission.WAKE_LOCK" />
40-->[:firebase_messaging] AndroidManifest.xml:8:5-68
40-->[:firebase_messaging] AndroidManifest.xml:8:22-65
41    <uses-permission android:name="android.permission.ACCESS_NETWORK_STATE" /> <!-- Permissions options for the `notification` group -->
41-->[:firebase_messaging] AndroidManifest.xml:9:5-79
41-->[:firebase_messaging] AndroidManifest.xml:9:22-76
42    <uses-permission android:name="android.permission.POST_NOTIFICATIONS" /> <!-- Required by older versions of Google Play services to create IID tokens -->
42-->[:firebase_messaging] AndroidManifest.xml:11:5-77
42-->[:firebase_messaging] AndroidManifest.xml:11:22-74
43    <uses-permission android:name="com.google.android.c2dm.permission.RECEIVE" />
43-->[com.google.firebase:firebase-messaging:24.1.0] AndroidManifest.xml:26:5-82
43-->[com.google.firebase:firebase-messaging:24.1.0] AndroidManifest.xml:26:22-79
44    <uses-permission android:name="android.permission.ACCESS_WIFI_STATE" />
44-->[:network_info_plus] AndroidManifest.xml:8:5-76
44-->[:network_info_plus] AndroidManifest.xml:8:22-73
45
46    <uses-feature
46-->[com.google.android.gms:play-services-maps:18.2.0] AndroidManifest.xml:26:5-28:35
47        android:glEsVersion="0x00020000"
47-->[com.google.android.gms:play-services-maps:18.2.0] AndroidManifest.xml:27:9-41
48        android:required="true" />
48-->[com.google.android.gms:play-services-maps:18.2.0] AndroidManifest.xml:28:9-32
49
50    <uses-permission android:name="com.google.android.providers.gsf.permission.READ_GSERVICES" />
50-->[com.google.android.recaptcha:recaptcha:18.6.1] AndroidManifest.xml:9:5-98
50-->[com.google.android.recaptcha:recaptcha:18.6.1] AndroidManifest.xml:9:22-95
51
52    <permission
52-->[androidx.core:core:1.13.1] AndroidManifest.xml:22:5-24:47
53        android:name="in.kaligotla.deepak.DYNAMIC_RECEIVER_NOT_EXPORTED_PERMISSION"
53-->[androidx.core:core:1.13.1] AndroidManifest.xml:23:9-81
54        android:protectionLevel="signature" />
54-->[androidx.core:core:1.13.1] AndroidManifest.xml:24:9-44
55
56    <uses-permission android:name="in.kaligotla.deepak.DYNAMIC_RECEIVER_NOT_EXPORTED_PERMISSION" />
56-->[androidx.core:core:1.13.1] AndroidManifest.xml:26:5-97
56-->[androidx.core:core:1.13.1] AndroidManifest.xml:26:22-94
57
58    <application
59        android:name="android.app.Application"
60        android:appComponentFactory="androidx.core.app.CoreComponentFactory"
60-->[androidx.core:core:1.13.1] AndroidManifest.xml:28:18-86
61        android:debuggable="true"
62        android:extractNativeLibs="false"
63        android:icon="@mipmap/ic_launcher"
64        android:label="deepak" >
65        <activity
66            android:name="in.kaligotla.deepak.MainActivity"
67            android:configChanges="orientation|keyboardHidden|keyboard|screenSize|smallestScreenSize|locale|layoutDirection|fontScale|screenLayout|density|uiMode"
68            android:exported="true"
69            android:hardwareAccelerated="true"
70            android:launchMode="singleTop"
71            android:taskAffinity=""
72            android:theme="@style/LaunchTheme"
73            android:windowSoftInputMode="adjustResize" >
74
75            <!--
76                 Specifies an Android theme to apply to this Activity as soon as
77                 the Android process has started. This theme is visible to the user
78                 while the Flutter UI initializes. After that, this theme continues
79                 to determine the Window background behind the Flutter UI.
80            -->
81            <meta-data
82                android:name="io.flutter.embedding.android.NormalTheme"
83                android:resource="@style/NormalTheme" />
84
85            <intent-filter>
86                <action android:name="android.intent.action.MAIN" />
87
88                <category android:name="android.intent.category.LAUNCHER" />
89            </intent-filter>
90        </activity>
91        <!--
92             Don't delete the meta-data below.
93             This is used by the Flutter tool to generate GeneratedPluginRegistrant.java
94        -->
95        <meta-data
96            android:name="flutterEmbedding"
97            android:value="2" />
98
99        <service
99-->[:firebase_app_check] AndroidManifest.xml:8:9-12:19
100            android:name="com.google.firebase.components.ComponentDiscoveryService"
100-->[:firebase_app_check] AndroidManifest.xml:8:18-89
101            android:directBootAware="true"
101-->[com.google.firebase:firebase-common:21.0.0] AndroidManifest.xml:32:13-43
102            android:exported="false" >
102-->[com.google.firebase:firebase-appcheck-debug:18.0.0] AndroidManifest.xml:24:13-37
103            <meta-data
103-->[:firebase_app_check] AndroidManifest.xml:9:13-11:85
104                android:name="com.google.firebase.components:io.flutter.plugins.firebase.appcheck.FlutterFirebaseAppRegistrar"
104-->[:firebase_app_check] AndroidManifest.xml:10:17-127
105                android:value="com.google.firebase.components.ComponentRegistrar" />
105-->[:firebase_app_check] AndroidManifest.xml:11:17-82
106            <meta-data
106-->[:cloud_firestore] AndroidManifest.xml:9:13-11:85
107                android:name="com.google.firebase.components:io.flutter.plugins.firebase.firestore.FlutterFirebaseFirestoreRegistrar"
107-->[:cloud_firestore] AndroidManifest.xml:10:17-134
108                android:value="com.google.firebase.components.ComponentRegistrar" />
108-->[:cloud_firestore] AndroidManifest.xml:11:17-82
109            <meta-data
109-->[:cloud_functions] AndroidManifest.xml:9:13-11:85
110                android:name="com.google.firebase.components:io.flutter.plugins.firebase.functions.FlutterFirebaseAppRegistrar"
110-->[:cloud_functions] AndroidManifest.xml:10:17-128
111                android:value="com.google.firebase.components.ComponentRegistrar" />
111-->[:cloud_functions] AndroidManifest.xml:11:17-82
112            <meta-data
112-->[:firebase_app_installations] AndroidManifest.xml:9:13-11:85
113                android:name="com.google.firebase.components:io.flutter.plugins.firebase.installations.firebase_app_installations.FlutterFirebaseAppRegistrar"
113-->[:firebase_app_installations] AndroidManifest.xml:10:17-159
114                android:value="com.google.firebase.components.ComponentRegistrar" />
114-->[:firebase_app_installations] AndroidManifest.xml:11:17-82
115            <meta-data
115-->[:firebase_auth] AndroidManifest.xml:9:13-11:85
116                android:name="com.google.firebase.components:io.flutter.plugins.firebase.auth.FlutterFirebaseAuthRegistrar"
116-->[:firebase_auth] AndroidManifest.xml:10:17-124
117                android:value="com.google.firebase.components.ComponentRegistrar" />
117-->[:firebase_auth] AndroidManifest.xml:11:17-82
118            <meta-data
118-->[:firebase_database] AndroidManifest.xml:9:13-11:85
119                android:name="com.google.firebase.components:io.flutter.plugins.firebase.database.FlutterFirebaseAppRegistrar"
119-->[:firebase_database] AndroidManifest.xml:10:17-127
120                android:value="com.google.firebase.components.ComponentRegistrar" />
120-->[:firebase_database] AndroidManifest.xml:11:17-82
121            <meta-data
121-->[:firebase_dynamic_links] AndroidManifest.xml:11:13-13:85
122                android:name="com.google.firebase.components:io.flutter.plugins.firebase.dynamiclinks.FlutterFirebaseAppRegistrar"
122-->[:firebase_dynamic_links] AndroidManifest.xml:12:17-131
123                android:value="com.google.firebase.components.ComponentRegistrar" />
123-->[:firebase_dynamic_links] AndroidManifest.xml:13:17-82
124            <meta-data
124-->[:firebase_messaging] AndroidManifest.xml:36:13-38:85
125                android:name="com.google.firebase.components:io.flutter.plugins.firebase.messaging.FlutterFirebaseAppRegistrar"
125-->[:firebase_messaging] AndroidManifest.xml:37:17-128
126                android:value="com.google.firebase.components.ComponentRegistrar" />
126-->[:firebase_messaging] AndroidManifest.xml:38:17-82
127            <meta-data
127-->[:firebase_performance] AndroidManifest.xml:11:13-13:85
128                android:name="com.google.firebase.components:io.flutter.plugins.firebase.performance.FlutterFirebaseAppRegistrar"
128-->[:firebase_performance] AndroidManifest.xml:12:17-130
129                android:value="com.google.firebase.components.ComponentRegistrar" />
129-->[:firebase_performance] AndroidManifest.xml:13:17-82
130            <meta-data
130-->[:firebase_remote_config] AndroidManifest.xml:9:13-11:85
131                android:name="com.google.firebase.components:io.flutter.plugins.firebase.firebaseremoteconfig.FlutterFirebaseAppRegistrar"
131-->[:firebase_remote_config] AndroidManifest.xml:10:17-139
132                android:value="com.google.firebase.components.ComponentRegistrar" />
132-->[:firebase_remote_config] AndroidManifest.xml:11:17-82
133            <meta-data
133-->[:firebase_storage] AndroidManifest.xml:9:13-11:85
134                android:name="com.google.firebase.components:io.flutter.plugins.firebase.storage.FlutterFirebaseAppRegistrar"
134-->[:firebase_storage] AndroidManifest.xml:10:17-126
135                android:value="com.google.firebase.components.ComponentRegistrar" />
135-->[:firebase_storage] AndroidManifest.xml:11:17-82
136            <meta-data
136-->[:firebase_core] AndroidManifest.xml:9:13-11:85
137                android:name="com.google.firebase.components:io.flutter.plugins.firebase.core.FlutterFirebaseCoreRegistrar"
137-->[:firebase_core] AndroidManifest.xml:10:17-124
138                android:value="com.google.firebase.components.ComponentRegistrar" />
138-->[:firebase_core] AndroidManifest.xml:11:17-82
139            <meta-data
139-->[com.google.firebase:firebase-appcheck-debug:18.0.0] AndroidManifest.xml:25:13-27:85
140                android:name="com.google.firebase.components:com.google.firebase.appcheck.debug.FirebaseAppCheckDebugRegistrar"
140-->[com.google.firebase:firebase-appcheck-debug:18.0.0] AndroidManifest.xml:26:17-128
141                android:value="com.google.firebase.components.ComponentRegistrar" />
141-->[com.google.firebase:firebase-appcheck-debug:18.0.0] AndroidManifest.xml:27:17-82
142            <meta-data
142-->[com.google.firebase:firebase-appcheck-playintegrity:18.0.0] AndroidManifest.xml:25:13-27:85
143                android:name="com.google.firebase.components:com.google.firebase.appcheck.playintegrity.FirebaseAppCheckPlayIntegrityRegistrar"
143-->[com.google.firebase:firebase-appcheck-playintegrity:18.0.0] AndroidManifest.xml:26:17-144
144                android:value="com.google.firebase.components.ComponentRegistrar" />
144-->[com.google.firebase:firebase-appcheck-playintegrity:18.0.0] AndroidManifest.xml:27:17-82
145            <meta-data
145-->[com.google.firebase:firebase-auth:23.2.0] AndroidManifest.xml:69:13-71:85
146                android:name="com.google.firebase.components:com.google.firebase.auth.FirebaseAuthRegistrar"
146-->[com.google.firebase:firebase-auth:23.2.0] AndroidManifest.xml:70:17-109
147                android:value="com.google.firebase.components.ComponentRegistrar" />
147-->[com.google.firebase:firebase-auth:23.2.0] AndroidManifest.xml:71:17-82
148            <meta-data
148-->[com.google.firebase:firebase-perf:21.0.4] AndroidManifest.xml:14:13-16:85
149                android:name="com.google.firebase.components:com.google.firebase.perf.FirebasePerfKtxRegistrar"
149-->[com.google.firebase:firebase-perf:21.0.4] AndroidManifest.xml:15:17-112
150                android:value="com.google.firebase.components.ComponentRegistrar" />
150-->[com.google.firebase:firebase-perf:21.0.4] AndroidManifest.xml:16:17-82
151            <meta-data
151-->[com.google.firebase:firebase-perf:21.0.4] AndroidManifest.xml:17:13-19:85
152                android:name="com.google.firebase.components:com.google.firebase.perf.FirebasePerfRegistrar"
152-->[com.google.firebase:firebase-perf:21.0.4] AndroidManifest.xml:18:17-109
153                android:value="com.google.firebase.components.ComponentRegistrar" />
153-->[com.google.firebase:firebase-perf:21.0.4] AndroidManifest.xml:19:17-82
154            <meta-data
154-->[com.google.firebase:firebase-config:22.1.0] AndroidManifest.xml:29:13-31:85
155                android:name="com.google.firebase.components:com.google.firebase.remoteconfig.FirebaseRemoteConfigKtxRegistrar"
155-->[com.google.firebase:firebase-config:22.1.0] AndroidManifest.xml:30:17-128
156                android:value="com.google.firebase.components.ComponentRegistrar" />
156-->[com.google.firebase:firebase-config:22.1.0] AndroidManifest.xml:31:17-82
157            <meta-data
157-->[com.google.firebase:firebase-config:22.1.0] AndroidManifest.xml:32:13-34:85
158                android:name="com.google.firebase.components:com.google.firebase.remoteconfig.RemoteConfigRegistrar"
158-->[com.google.firebase:firebase-config:22.1.0] AndroidManifest.xml:33:17-117
159                android:value="com.google.firebase.components.ComponentRegistrar" />
159-->[com.google.firebase:firebase-config:22.1.0] AndroidManifest.xml:34:17-82
160            <meta-data
160-->[com.google.firebase:firebase-database:21.0.0] AndroidManifest.xml:29:13-31:85
161                android:name="com.google.firebase.components:com.google.firebase.database.FirebaseDatabaseKtxRegistrar"
161-->[com.google.firebase:firebase-database:21.0.0] AndroidManifest.xml:30:17-120
162                android:value="com.google.firebase.components.ComponentRegistrar" />
162-->[com.google.firebase:firebase-database:21.0.0] AndroidManifest.xml:31:17-82
163            <meta-data
163-->[com.google.firebase:firebase-database:21.0.0] AndroidManifest.xml:32:13-34:85
164                android:name="com.google.firebase.components:com.google.firebase.database.DatabaseRegistrar"
164-->[com.google.firebase:firebase-database:21.0.0] AndroidManifest.xml:33:17-109
165                android:value="com.google.firebase.components.ComponentRegistrar" />
165-->[com.google.firebase:firebase-database:21.0.0] AndroidManifest.xml:34:17-82
166            <meta-data
166-->[com.google.firebase:firebase-dynamic-links:22.1.0] AndroidManifest.xml:24:13-26:85
167                android:name="com.google.firebase.components:com.google.firebase.dynamiclinks.FirebaseDynamicLinksKtxRegistrar"
167-->[com.google.firebase:firebase-dynamic-links:22.1.0] AndroidManifest.xml:25:17-128
168                android:value="com.google.firebase.components.ComponentRegistrar" />
168-->[com.google.firebase:firebase-dynamic-links:22.1.0] AndroidManifest.xml:26:17-82
169            <meta-data
169-->[com.google.firebase:firebase-dynamic-links:22.1.0] AndroidManifest.xml:27:13-29:85
170                android:name="com.google.firebase.components:com.google.firebase.dynamiclinks.internal.FirebaseDynamicLinkRegistrar"
170-->[com.google.firebase:firebase-dynamic-links:22.1.0] AndroidManifest.xml:28:17-133
171                android:value="com.google.firebase.components.ComponentRegistrar" />
171-->[com.google.firebase:firebase-dynamic-links:22.1.0] AndroidManifest.xml:29:17-82
172            <meta-data
172-->[com.google.firebase:firebase-firestore:25.1.2] AndroidManifest.xml:17:13-19:85
173                android:name="com.google.firebase.components:com.google.firebase.firestore.FirebaseFirestoreKtxRegistrar"
173-->[com.google.firebase:firebase-firestore:25.1.2] AndroidManifest.xml:18:17-122
174                android:value="com.google.firebase.components.ComponentRegistrar" />
174-->[com.google.firebase:firebase-firestore:25.1.2] AndroidManifest.xml:19:17-82
175            <meta-data
175-->[com.google.firebase:firebase-firestore:25.1.2] AndroidManifest.xml:20:13-22:85
176                android:name="com.google.firebase.components:com.google.firebase.firestore.FirestoreRegistrar"
176-->[com.google.firebase:firebase-firestore:25.1.2] AndroidManifest.xml:21:17-111
177                android:value="com.google.firebase.components.ComponentRegistrar" />
177-->[com.google.firebase:firebase-firestore:25.1.2] AndroidManifest.xml:22:17-82
178            <meta-data
178-->[com.google.firebase:firebase-functions:21.1.0] AndroidManifest.xml:15:13-17:85
179                android:name="com.google.firebase.components:com.google.firebase.functions.FirebaseFunctionsKtxRegistrar"
179-->[com.google.firebase:firebase-functions:21.1.0] AndroidManifest.xml:16:17-122
180                android:value="com.google.firebase.components.ComponentRegistrar" />
180-->[com.google.firebase:firebase-functions:21.1.0] AndroidManifest.xml:17:17-82
181            <meta-data
181-->[com.google.firebase:firebase-functions:21.1.0] AndroidManifest.xml:18:13-20:85
182                android:name="com.google.firebase.components:com.google.firebase.functions.FunctionsRegistrar"
182-->[com.google.firebase:firebase-functions:21.1.0] AndroidManifest.xml:19:17-111
183                android:value="com.google.firebase.components.ComponentRegistrar" />
183-->[com.google.firebase:firebase-functions:21.1.0] AndroidManifest.xml:20:17-82
184            <meta-data
184-->[com.google.firebase:firebase-messaging:24.1.0] AndroidManifest.xml:57:13-59:85
185                android:name="com.google.firebase.components:com.google.firebase.messaging.FirebaseMessagingKtxRegistrar"
185-->[com.google.firebase:firebase-messaging:24.1.0] AndroidManifest.xml:58:17-122
186                android:value="com.google.firebase.components.ComponentRegistrar" />
186-->[com.google.firebase:firebase-messaging:24.1.0] AndroidManifest.xml:59:17-82
187            <meta-data
187-->[com.google.firebase:firebase-messaging:24.1.0] AndroidManifest.xml:60:13-62:85
188                android:name="com.google.firebase.components:com.google.firebase.messaging.FirebaseMessagingRegistrar"
188-->[com.google.firebase:firebase-messaging:24.1.0] AndroidManifest.xml:61:17-119
189                android:value="com.google.firebase.components.ComponentRegistrar" />
189-->[com.google.firebase:firebase-messaging:24.1.0] AndroidManifest.xml:62:17-82
190            <meta-data
190-->[com.google.firebase:firebase-iid:21.1.0] AndroidManifest.xml:32:13-34:85
191                android:name="com.google.firebase.components:com.google.firebase.iid.Registrar"
191-->[com.google.firebase:firebase-iid:21.1.0] AndroidManifest.xml:33:17-96
192                android:value="com.google.firebase.components.ComponentRegistrar" />
192-->[com.google.firebase:firebase-iid:21.1.0] AndroidManifest.xml:34:17-82
193            <meta-data
193-->[com.google.firebase:firebase-sessions:2.0.7] AndroidManifest.xml:29:13-31:85
194                android:name="com.google.firebase.components:com.google.firebase.sessions.FirebaseSessionsRegistrar"
194-->[com.google.firebase:firebase-sessions:2.0.7] AndroidManifest.xml:30:17-117
195                android:value="com.google.firebase.components.ComponentRegistrar" />
195-->[com.google.firebase:firebase-sessions:2.0.7] AndroidManifest.xml:31:17-82
196            <meta-data
196-->[com.google.firebase:firebase-installations:18.0.0] AndroidManifest.xml:15:13-17:85
197                android:name="com.google.firebase.components:com.google.firebase.installations.FirebaseInstallationsKtxRegistrar"
197-->[com.google.firebase:firebase-installations:18.0.0] AndroidManifest.xml:16:17-130
198                android:value="com.google.firebase.components.ComponentRegistrar" />
198-->[com.google.firebase:firebase-installations:18.0.0] AndroidManifest.xml:17:17-82
199            <meta-data
199-->[com.google.firebase:firebase-installations:18.0.0] AndroidManifest.xml:18:13-20:85
200                android:name="com.google.firebase.components:com.google.firebase.installations.FirebaseInstallationsRegistrar"
200-->[com.google.firebase:firebase-installations:18.0.0] AndroidManifest.xml:19:17-127
201                android:value="com.google.firebase.components.ComponentRegistrar" />
201-->[com.google.firebase:firebase-installations:18.0.0] AndroidManifest.xml:20:17-82
202            <meta-data
202-->[com.google.firebase:firebase-storage:21.0.1] AndroidManifest.xml:30:13-32:85
203                android:name="com.google.firebase.components:com.google.firebase.storage.FirebaseStorageKtxRegistrar"
203-->[com.google.firebase:firebase-storage:21.0.1] AndroidManifest.xml:31:17-118
204                android:value="com.google.firebase.components.ComponentRegistrar" />
204-->[com.google.firebase:firebase-storage:21.0.1] AndroidManifest.xml:32:17-82
205            <meta-data
205-->[com.google.firebase:firebase-storage:21.0.1] AndroidManifest.xml:33:13-35:85
206                android:name="com.google.firebase.components:com.google.firebase.storage.StorageRegistrar"
206-->[com.google.firebase:firebase-storage:21.0.1] AndroidManifest.xml:34:17-107
207                android:value="com.google.firebase.components.ComponentRegistrar" />
207-->[com.google.firebase:firebase-storage:21.0.1] AndroidManifest.xml:35:17-82
208            <meta-data
208-->[com.google.firebase:firebase-appcheck-safetynet:16.1.2] AndroidManifest.xml:27:13-29:85
209                android:name="com.google.firebase.components:com.google.firebase.appcheck.safetynet.FirebaseAppCheckSafetyNetRegistrar"
209-->[com.google.firebase:firebase-appcheck-safetynet:16.1.2] AndroidManifest.xml:28:17-136
210                android:value="com.google.firebase.components.ComponentRegistrar" />
210-->[com.google.firebase:firebase-appcheck-safetynet:16.1.2] AndroidManifest.xml:29:17-82
211            <meta-data
211-->[com.google.firebase:firebase-appcheck:18.0.0] AndroidManifest.xml:25:13-27:85
212                android:name="com.google.firebase.components:com.google.firebase.appcheck.FirebaseAppCheckKtxRegistrar"
212-->[com.google.firebase:firebase-appcheck:18.0.0] AndroidManifest.xml:26:17-120
213                android:value="com.google.firebase.components.ComponentRegistrar" />
213-->[com.google.firebase:firebase-appcheck:18.0.0] AndroidManifest.xml:27:17-82
214            <meta-data
214-->[com.google.firebase:firebase-appcheck:18.0.0] AndroidManifest.xml:28:13-30:85
215                android:name="com.google.firebase.components:com.google.firebase.appcheck.FirebaseAppCheckRegistrar"
215-->[com.google.firebase:firebase-appcheck:18.0.0] AndroidManifest.xml:29:17-117
216                android:value="com.google.firebase.components.ComponentRegistrar" />
216-->[com.google.firebase:firebase-appcheck:18.0.0] AndroidManifest.xml:30:17-82
217            <meta-data
217-->[com.google.firebase:firebase-common-ktx:21.0.0] AndroidManifest.xml:12:13-14:85
218                android:name="com.google.firebase.components:com.google.firebase.ktx.FirebaseCommonLegacyRegistrar"
218-->[com.google.firebase:firebase-common-ktx:21.0.0] AndroidManifest.xml:13:17-116
219                android:value="com.google.firebase.components.ComponentRegistrar" />
219-->[com.google.firebase:firebase-common-ktx:21.0.0] AndroidManifest.xml:14:17-82
220            <meta-data
220-->[com.google.firebase:firebase-common:21.0.0] AndroidManifest.xml:35:13-37:85
221                android:name="com.google.firebase.components:com.google.firebase.FirebaseCommonKtxRegistrar"
221-->[com.google.firebase:firebase-common:21.0.0] AndroidManifest.xml:36:17-109
222                android:value="com.google.firebase.components.ComponentRegistrar" />
222-->[com.google.firebase:firebase-common:21.0.0] AndroidManifest.xml:37:17-82
223            <meta-data
223-->[com.google.firebase:firebase-abt:21.1.1] AndroidManifest.xml:12:13-14:85
224                android:name="com.google.firebase.components:com.google.firebase.abt.component.AbtRegistrar"
224-->[com.google.firebase:firebase-abt:21.1.1] AndroidManifest.xml:13:17-109
225                android:value="com.google.firebase.components.ComponentRegistrar" />
225-->[com.google.firebase:firebase-abt:21.1.1] AndroidManifest.xml:14:17-82
226            <meta-data
226-->[com.google.firebase:firebase-datatransport:19.0.0] AndroidManifest.xml:25:13-27:85
227                android:name="com.google.firebase.components:com.google.firebase.datatransport.TransportRegistrar"
227-->[com.google.firebase:firebase-datatransport:19.0.0] AndroidManifest.xml:26:17-115
228                android:value="com.google.firebase.components.ComponentRegistrar" />
228-->[com.google.firebase:firebase-datatransport:19.0.0] AndroidManifest.xml:27:17-82
229        </service>
230        <service
230-->[:firebase_messaging] AndroidManifest.xml:14:9-17:72
231            android:name="io.flutter.plugins.firebase.messaging.FlutterFirebaseMessagingBackgroundService"
231-->[:firebase_messaging] AndroidManifest.xml:15:13-107
232            android:exported="false"
232-->[:firebase_messaging] AndroidManifest.xml:16:13-37
233            android:permission="android.permission.BIND_JOB_SERVICE" />
233-->[:firebase_messaging] AndroidManifest.xml:17:13-69
234        <service
234-->[:firebase_messaging] AndroidManifest.xml:18:9-24:19
235            android:name="io.flutter.plugins.firebase.messaging.FlutterFirebaseMessagingService"
235-->[:firebase_messaging] AndroidManifest.xml:19:13-97
236            android:exported="false" >
236-->[:firebase_messaging] AndroidManifest.xml:20:13-37
237            <intent-filter>
237-->[:firebase_messaging] AndroidManifest.xml:21:13-23:29
238                <action android:name="com.google.firebase.MESSAGING_EVENT" />
238-->[:firebase_messaging] AndroidManifest.xml:22:17-78
238-->[:firebase_messaging] AndroidManifest.xml:22:25-75
239            </intent-filter>
240        </service>
241
242        <receiver
242-->[:firebase_messaging] AndroidManifest.xml:26:9-33:20
243            android:name="io.flutter.plugins.firebase.messaging.FlutterFirebaseMessagingReceiver"
243-->[:firebase_messaging] AndroidManifest.xml:27:13-98
244            android:exported="true"
244-->[:firebase_messaging] AndroidManifest.xml:28:13-36
245            android:permission="com.google.android.c2dm.permission.SEND" >
245-->[:firebase_messaging] AndroidManifest.xml:29:13-73
246            <intent-filter>
246-->[:firebase_messaging] AndroidManifest.xml:30:13-32:29
247                <action android:name="com.google.android.c2dm.intent.RECEIVE" />
247-->[:firebase_messaging] AndroidManifest.xml:31:17-81
247-->[:firebase_messaging] AndroidManifest.xml:31:25-78
248            </intent-filter>
249        </receiver>
250
251        <provider
251-->[:firebase_messaging] AndroidManifest.xml:41:9-45:38
252            android:name="io.flutter.plugins.firebase.messaging.FlutterFirebaseMessagingInitProvider"
252-->[:firebase_messaging] AndroidManifest.xml:42:13-102
253            android:authorities="in.kaligotla.deepak.flutterfirebasemessaginginitprovider"
253-->[:firebase_messaging] AndroidManifest.xml:43:13-88
254            android:exported="false"
254-->[:firebase_messaging] AndroidManifest.xml:44:13-37
255            android:initOrder="99" />
255-->[:firebase_messaging] AndroidManifest.xml:45:13-35
256
257        <activity
257-->[com.google.firebase:firebase-auth:23.2.0] AndroidManifest.xml:29:9-46:20
258            android:name="com.google.firebase.auth.internal.GenericIdpActivity"